<?xml version="1.0" encoding="UTF-8"?>
<!-- Generated by org.testng.reporters.JUnitXMLReporter -->
<testsuite ignored="0" hostname="DESKTOP-6HHGQIO" failures="2" tests="6" name="Test2" time="88.178" errors="0" timestamp="2024-11-29T06:48:24 IST">
  <testcase classname="testCases.ErrorValidation" name="LoginErrorValidation" time="1.418">
    <failure type="java.lang.AssertionError" message="expected [Incorrect email or password.] but found [Incorrect email or password..]">
      <![CDATA[java.lang.AssertionError: expected [Incorrect email or password.] but found [Incorrect email or password..]
at testCases.ErrorValidation.LoginErrorValidation(ErrorValidation.java:18)
at java.base/java.util.ArrayList.forEach(ArrayList.java:1511)
at java.base/java.util.concurrent.FutureTask.run(FutureTask.java:264)
at java.base/java.util.concurrent.ThreadPoolExecutor.runWorker(ThreadPoolExecutor.java:1136)
at java.base/java.util.concurrent.ThreadPoolExecutor$Worker.run(ThreadPoolExecutor.java:635)
at java.base/java.lang.Thread.run(Thread.java:833)
... Removed 23 stack frames]]>
    </failure>
  </testcase> <!-- LoginErrorValidation -->
  <testcase classname="testCases.ErrorValidation" name="verifyProductAddedToCartOrNot" time="13.892">
    <failure type="java.lang.AssertionError" message="expected [true] but found [false]">
      <![CDATA[java.lang.AssertionError: expected [true] but found [false]
at testCases.ErrorValidation.verifyProductAddedToCartOrNot(ErrorValidation.java:35)
at java.base/java.util.ArrayList.forEach(ArrayList.java:1511)
at java.base/java.util.concurrent.FutureTask.run(FutureTask.java:264)
at java.base/java.util.concurrent.ThreadPoolExecutor.runWorker(ThreadPoolExecutor.java:1136)
at java.base/java.util.concurrent.ThreadPoolExecutor$Worker.run(ThreadPoolExecutor.java:635)
at java.base/java.lang.Thread.run(Thread.java:833)
... Removed 21 stack frames]]>
    </failure>
  </testcase> <!-- verifyProductAddedToCartOrNot -->
  <testcase classname="testCases.ProductOrder" name="verifyProductAvailableOrNot" time="1.091"/>
  <testcase classname="testCases.ProductOrder" name="verifyProductAvailableOrNot" time="1.487"/>
  <testcase classname="testCases.ProductOrder" name="submitOrder" time="5.969"/>
  <testcase classname="testCases.ProductOrder" name="submitOrder" time="6.042"/>
</testsuite> <!-- Test2 -->
